<?xml version="1.0" encoding="UTF-8"?>
<!-- Generated by org.testng.reporters.JUnitXMLReporter -->
<testsuite ignored="0" hostname="DESKTOP-8PDR25K" failures="0" tests="10" name="Default test" time="79.025" errors="0" timestamp="2024-01-31T20:04:51 IST">
  <testcase classname="batchExceutation.TS_04" name="launchSwiggy" time="8.32"/>
  <testcase classname="batchExceutation.TS_03" name="launchZomato" time="8.545"/>
  <testcase classname="batchExceutation.TS_06" name="launchPizza" time="4.812"/>
  <testcase classname="batchExceutation.TS_05" name="launchPuma" time="10.273"/>
  <testcase classname="batchExceutation.TS_10" name="launchNaukri" time="9.186"/>
  <testcase classname="batchExceutation.TS_02" name="launchDream11" time="7.412"/>
  <testcase classname="batchExceutation.TS_01" name="launchDemo" time="7.827"/>
  <testcase classname="batchExceutation.TS_08" name="launchMeesho" time="6.817"/>
  <testcase classname="batchExceutation.TS_07" name="launchBookMyShow" time="7.022"/>
  <testcase classname="batchExceutation.TS_09" name="launchCricbuzz" time="8.716"/>
</testsuite> <!-- Default test -->
