<?xml version="1.0" encoding="UTF-8"?>
<!-- Generated by org.testng.reporters.JUnitXMLReporter -->
<testsuite ignored="0" hostname="DESKTOP-8PDR25K" failures="0" tests="10" name="Test" time="81.109" errors="0" timestamp="2024-01-31T20:08:33 IST">
  <testcase classname="batchExceutation.TS_05" name="launchPuma" time="79.93"/>
  <testcase classname="batchExceutation.TS_07" name="launchBookMyShow" time="79.986"/>
  <testcase classname="batchExceutation.TS_03" name="launchZomato" time="80.263"/>
  <testcase classname="batchExceutation.TS_08" name="launchMeesho" time="80.335"/>
  <testcase classname="batchExceutation.TS_10" name="launchNaukri" time="80.368"/>
  <testcase classname="batchExceutation.TS_01" name="launchDemo" time="80.398"/>
  <testcase classname="batchExceutation.TS_02" name="launchDream11" time="80.501"/>
  <testcase classname="batchExceutation.TS_04" name="launchSwiggy" time="80.507"/>
  <testcase classname="batchExceutation.TS_06" name="launchPizza" time="80.523"/>
  <testcase classname="batchExceutation.TS_09" name="launchCricbuzz" time="81.052"/>
</testsuite> <!-- Test -->
